<?xml version="1.0" encoding="UTF-8"?>
<!-- Generated by org.testng.reporters.JUnitXMLReporter -->
<testsuite ignored="0" hostname="NODE1126" failures="0" tests="6" name="Free CRM App Test Cases" time="96.183" errors="0" timestamp="2023-10-11T13:20:56 IST">
  <testcase classname="com.crm.qa.tests.LoginPageTest" name="loginTest" time="7.952"/>
  <testcase classname="com.crm.qa.tests.LoginPageTest" name="validateLoginPageTitle" time="0.025"/>
  <testcase classname="com.crm.qa.tests.HomePageTest" name="verifyHomePageTitleTest" time="0.009"/>
  <testcase classname="com.crm.qa.tests.HomePageTest" name="verifyUserNameTest" time="2.308"/>
  <testcase classname="com.crm.qa.tests.HomePageTest" name="hoverFunction" time="2.422"/>
  <testcase classname="com.crm.qa.tests.HomePageTest" name="verifyContactsLinkTest" time="2.212"/>
</testsuite> <!-- Free CRM App Test Cases -->
