<?xml version="1.0" encoding="UTF-8"?>
<!-- Generated by org.testng.reporters.JUnitXMLReporter -->
<testsuite ignored="0" hostname="NODE1126" failures="2" tests="11" name="Free CRM App Test Cases" time="150.452" errors="0" timestamp="2023-10-18T13:23:16 IST">
  <testcase classname="com.crm.qa.tests.LoginPageTest" name="Test3" time="0.103">
    <skipped/>
  </testcase> <!-- Test3 -->
  <testcase classname="com.crm.qa.tests.LoginPageTest" name="Test3" time="0.006">
    <skipped/>
  </testcase> <!-- Test3 -->
  <testcase classname="com.crm.qa.tests.LoginPageTest" name="Test3" time="0.007">
    <failure type="java.lang.AssertionError" message="expected [true] but found [false]">
      <![CDATA[java.lang.AssertionError: expected [true] but found [false]
at com.crm.qa.tests.LoginPageTest.Test3(LoginPageTest.java:37)
at java.base/java.util.ArrayList.forEach(ArrayList.java:1511)
... Removed 34 stack frames]]>
    </failure>
  </testcase> <!-- Test3 -->
  <testcase classname="com.crm.qa.tests.LoginPageTest" name="loginTest" time="7.504"/>
  <testcase classname="com.crm.qa.tests.LoginPageTest" name="validateLoginPageTitle" time="0.018"/>
  <testcase classname="com.crm.qa.tests.HomePageTest" name="verifyHomePageTitleTest" time="0.017">
    <skipped/>
  </testcase> <!-- verifyHomePageTitleTest -->
  <testcase classname="com.crm.qa.tests.HomePageTest" name="verifyHomePageTitleTest" time="0.012">
    <skipped/>
  </testcase> <!-- verifyHomePageTitleTest -->
  <testcase classname="com.crm.qa.tests.HomePageTest" name="verifyHomePageTitleTest" time="0.014">
    <failure type="java.lang.AssertionError" message="Home Page Title is not displayed expected [Cogmento CRM.........] but found [Cogmento CRM]">
      <![CDATA[java.lang.AssertionError: Home Page Title is not displayed expected [Cogmento CRM.........] but found [Cogmento CRM]
at com.crm.qa.tests.HomePageTest.verifyHomePageTitleTest(HomePageTest.java:57)
at java.base/java.util.ArrayList.forEach(ArrayList.java:1511)
... Removed 32 stack frames]]>
    </failure>
  </testcase> <!-- verifyHomePageTitleTest -->
  <testcase classname="com.crm.qa.tests.HomePageTest" name="verifyUserNameTest" time="2.25"/>
  <testcase classname="com.crm.qa.tests.HomePageTest" name="hoverFunction" time="2.427"/>
  <testcase classname="com.crm.qa.tests.HomePageTest" name="verifyContactsLinkTest" time="2.204"/>
</testsuite> <!-- Free CRM App Test Cases -->
