<?xml version="1.0" encoding="UTF-8"?>
<!-- Generated by org.testng.reporters.JUnitXMLReporter -->
<testsuite ignored="0" hostname="NODE1126" failures="0" tests="4" name="Default test" time="74.939" errors="0" timestamp="2023-10-11T10:21:25 IST">
  <testcase classname="com.crm.qa.tests.HomePageTest" name="verifyHomePageTitleTest" time="0.017"/>
  <testcase classname="com.crm.qa.tests.HomePageTest" name="verifyUserNameTest" time="2.694"/>
  <testcase classname="com.crm.qa.tests.HomePageTest" name="hoverFunction" time="2.556"/>
  <testcase classname="com.crm.qa.tests.HomePageTest" name="verifyContactsLinkTest" time="2.174"/>
</testsuite> <!-- Default test -->
