<?xml version="1.0" encoding="UTF-8"?>
<!-- Generated by org.testng.reporters.JUnitXMLReporter -->
<testsuite ignored="0" hostname="NODE1126" failures="0" tests="6" name="Test" time="88.713" errors="0" timestamp="2023-10-11T12:38:25 IST">
  <testcase classname="com.crm.qa.tests.LoginPageTest" name="loginTest" time="7.263"/>
  <testcase classname="com.crm.qa.tests.LoginPageTest" name="validateLoginPageTitle" time="0.018"/>
  <testcase classname="com.crm.qa.tests.HomePageTest" name="verifyHomePageTitleTest" time="0.01"/>
  <testcase classname="com.crm.qa.tests.HomePageTest" name="verifyUserNameTest" time="2.177"/>
  <testcase classname="com.crm.qa.tests.HomePageTest" name="hoverFunction" time="2.4"/>
  <testcase classname="com.crm.qa.tests.HomePageTest" name="verifyContactsLinkTest" time="2.172"/>
</testsuite> <!-- Test -->
