<?xml version="1.0" encoding="UTF-8"?>
<testng-results ignored="0" total="6" passed="6" failed="0" skipped="0">
  <reporter-output>
  </reporter-output>
  <suite started-at="2023-10-11T13:19:20 IST" name="Free CRM Application Test Automation Test Suite" finished-at="2023-10-11T13:20:56 IST" duration-ms="96183">
    <groups>
    </groups>
    <test started-at="2023-10-11T13:19:20 IST" name="Free CRM App Test Cases" finished-at="2023-10-11T13:20:56 IST" duration-ms="96183">
      <class name="com.crm.qa.tests.LoginPageTest">
        <test-method is-config="true" signature="setUp()[pri:0, instance:com.crm.qa.tests.LoginPageTest@6340e5f0]" started-at="2023-10-11T13:19:20 IST" name="setUp" finished-at="2023-10-11T13:19:27 IST" duration-ms="7530" status="PASS">
          <reporter-output>
          </reporter-output>
        </test-method> <!-- setUp -->
        <test-method signature="loginTest()[pri:0, instance:com.crm.qa.tests.LoginPageTest@6340e5f0]" started-at="2023-10-11T13:19:27 IST" name="loginTest" finished-at="2023-10-11T13:19:35 IST" duration-ms="7952" status="PASS">
          <reporter-output>
          </reporter-output>
        </test-method> <!-- loginTest -->
        <test-method is-config="true" signature="teardown()[pri:0, instance:com.crm.qa.tests.LoginPageTest@6340e5f0]" started-at="2023-10-11T13:19:35 IST" name="teardown" finished-at="2023-10-11T13:19:36 IST" duration-ms="460" status="PASS">
          <reporter-output>
          </reporter-output>
        </test-method> <!-- teardown -->
        <test-method is-config="true" signature="setUp()[pri:0, instance:com.crm.qa.tests.LoginPageTest@6340e5f0]" started-at="2023-10-11T13:19:36 IST" name="setUp" finished-at="2023-10-11T13:19:42 IST" duration-ms="6624" status="PASS">
          <reporter-output>
          </reporter-output>
        </test-method> <!-- setUp -->
        <test-method signature="validateLoginPageTitle()[pri:0, instance:com.crm.qa.tests.LoginPageTest@6340e5f0]" started-at="2023-10-11T13:19:42 IST" name="validateLoginPageTitle" finished-at="2023-10-11T13:19:42 IST" duration-ms="25" status="PASS">
          <reporter-output>
          </reporter-output>
        </test-method> <!-- validateLoginPageTitle -->
        <test-method is-config="true" signature="teardown()[pri:0, instance:com.crm.qa.tests.LoginPageTest@6340e5f0]" started-at="2023-10-11T13:19:42 IST" name="teardown" finished-at="2023-10-11T13:19:43 IST" duration-ms="432" status="PASS">
          <reporter-output>
          </reporter-output>
        </test-method> <!-- teardown -->
      </class> <!-- com.crm.qa.tests.LoginPageTest -->
      <class name="com.crm.qa.tests.HomePageTest">
        <test-method is-config="true" signature="setUp()[pri:0, instance:com.crm.qa.tests.HomePageTest@3e8c3cb]" started-at="2023-10-11T13:19:43 IST" name="setUp" finished-at="2023-10-11T13:19:58 IST" duration-ms="15357" status="PASS">
          <reporter-output>
          </reporter-output>
        </test-method> <!-- setUp -->
        <test-method signature="verifyHomePageTitleTest()[pri:1, instance:com.crm.qa.tests.HomePageTest@3e8c3cb]" started-at="2023-10-11T13:19:58 IST" name="verifyHomePageTitleTest" finished-at="2023-10-11T13:19:58 IST" duration-ms="9" status="PASS">
          <reporter-output>
          </reporter-output>
        </test-method> <!-- verifyHomePageTitleTest -->
        <test-method is-config="true" signature="teardown()[pri:0, instance:com.crm.qa.tests.HomePageTest@3e8c3cb]" started-at="2023-10-11T13:19:58 IST" name="teardown" finished-at="2023-10-11T13:19:59 IST" duration-ms="481" status="PASS">
          <reporter-output>
          </reporter-output>
        </test-method> <!-- teardown -->
        <test-method is-config="true" signature="setUp()[pri:0, instance:com.crm.qa.tests.HomePageTest@3e8c3cb]" started-at="2023-10-11T13:19:59 IST" name="setUp" finished-at="2023-10-11T13:20:17 IST" duration-ms="18087" status="PASS">
          <reporter-output>
          </reporter-output>
        </test-method> <!-- setUp -->
        <test-method signature="verifyUserNameTest()[pri:2, instance:com.crm.qa.tests.HomePageTest@3e8c3cb]" started-at="2023-10-11T13:20:17 IST" name="verifyUserNameTest" finished-at="2023-10-11T13:20:19 IST" duration-ms="2308" status="PASS">
          <reporter-output>
          </reporter-output>
        </test-method> <!-- verifyUserNameTest -->
        <test-method is-config="true" signature="teardown()[pri:0, instance:com.crm.qa.tests.HomePageTest@3e8c3cb]" started-at="2023-10-11T13:20:19 IST" name="teardown" finished-at="2023-10-11T13:20:19 IST" duration-ms="407" status="PASS">
          <reporter-output>
          </reporter-output>
        </test-method> <!-- teardown -->
        <test-method is-config="true" signature="setUp()[pri:0, instance:com.crm.qa.tests.HomePageTest@3e8c3cb]" started-at="2023-10-11T13:20:19 IST" name="setUp" finished-at="2023-10-11T13:20:37 IST" duration-ms="17479" status="PASS">
          <reporter-output>
          </reporter-output>
        </test-method> <!-- setUp -->
        <test-method signature="hoverFunction()[pri:3, instance:com.crm.qa.tests.HomePageTest@3e8c3cb]" started-at="2023-10-11T13:20:37 IST" name="hoverFunction" finished-at="2023-10-11T13:20:39 IST" duration-ms="2422" status="PASS">
          <reporter-output>
          </reporter-output>
        </test-method> <!-- hoverFunction -->
        <test-method is-config="true" signature="teardown()[pri:0, instance:com.crm.qa.tests.HomePageTest@3e8c3cb]" started-at="2023-10-11T13:20:39 IST" name="teardown" finished-at="2023-10-11T13:20:40 IST" duration-ms="434" status="PASS">
          <reporter-output>
          </reporter-output>
        </test-method> <!-- teardown -->
        <test-method is-config="true" signature="setUp()[pri:0, instance:com.crm.qa.tests.HomePageTest@3e8c3cb]" started-at="2023-10-11T13:20:40 IST" name="setUp" finished-at="2023-10-11T13:20:53 IST" duration-ms="13452" status="PASS">
          <reporter-output>
          </reporter-output>
        </test-method> <!-- setUp -->
        <test-method signature="verifyContactsLinkTest()[pri:4, instance:com.crm.qa.tests.HomePageTest@3e8c3cb]" started-at="2023-10-11T13:20:53 IST" name="verifyContactsLinkTest" finished-at="2023-10-11T13:20:55 IST" duration-ms="2212" status="PASS">
          <reporter-output>
          </reporter-output>
        </test-method> <!-- verifyContactsLinkTest -->
        <test-method is-config="true" signature="teardown()[pri:0, instance:com.crm.qa.tests.HomePageTest@3e8c3cb]" started-at="2023-10-11T13:20:55 IST" name="teardown" finished-at="2023-10-11T13:20:56 IST" duration-ms="453" status="PASS">
          <reporter-output>
          </reporter-output>
        </test-method> <!-- teardown -->
      </class> <!-- com.crm.qa.tests.HomePageTest -->
    </test> <!-- Free CRM App Test Cases -->
  </suite> <!-- Free CRM Application Test Automation Test Suite -->
</testng-results>
